<?xml version="1.0" encoding="UTF-8"?>
<!-- Generated by org.testng.reporters.JUnitXMLReporter -->
<testsuite ignored="0" hostname="DESKTOP-31C0V1K" failures="0" tests="13" name="TestCases1" time="69.61" errors="0" timestamp="2026-04-06T14:32:03 IST">
  <testcase classname="testCases.TC002_loginTest" name="verifyLogin" time="12.824"/>
  <testcase classname="testCases.TC002_loginTest" name="verifyLogin" time="12.014"/>
  <testcase classname="testCases.TC002_loginTest" name="verifyLogin" time="2.901"/>
  <testcase classname="testCases.TC002_loginTest" name="verifyLogin" time="12.059"/>
  <testcase classname="testCases.TC002_loginTest" name="verifyLogin" time="2.595"/>
  <testcase classname="testCases.TC001_accountRegistration" name="verify_account_registration" time="2.031"/>
  <testcase classname="testCases.TC003_srpcheck" name="TC003_srpcheck" time="0.61"/>
  <testcase classname="testCases.TC004_DPPagecheck" name="TC004_DPPagecheck" time="1.774"/>
  <testcase classname="testCases.TC005_addToCarttest" name="TC005_addToCarttest" time="1.525"/>
  <testcase classname="testCases.TC006_currencycheck" name="TC006_currencycheck" time="3.787"/>
  <testcase classname="testCases.TC007_checkStrikeThrough" name="checkStrikeThrough" time="0.333"/>
  <testcase classname="testCases.TC008_hoverAndClickTC" name="TC008_hoverAndClickTC" time="0.669"/>
  <testcase classname="testCases.TC009_sortSRP" name="TC009_sortSRP" time="1.755"/>
</testsuite> <!-- TestCases1 -->
