<?xml version="1.0" encoding="UTF-8"?>
<!-- Generated by org.testng.reporters.JUnitXMLReporter -->
<testsuite ignored="0" hostname="DESKTOP-31C0V1K" failures="0" tests="13" name="TestCases1" time="145.604" errors="0" timestamp="2026-05-09T23:00:28 IST">
  <testcase classname="testCases.TC002_loginTest" name="verifyLogin" time="14.866"/>
  <testcase classname="testCases.TC002_loginTest" name="verifyLogin" time="14.695"/>
  <testcase classname="testCases.TC002_loginTest" name="verifyLogin" time="6.779"/>
  <testcase classname="testCases.TC002_loginTest" name="verifyLogin" time="14.739"/>
  <testcase classname="testCases.TC002_loginTest" name="verifyLogin" time="7.763"/>
  <testcase classname="testCases.TC001_accountRegistration" name="verify_account_registration" time="7.346"/>
  <testcase classname="testCases.TC003_srpcheck" name="TC003_srpcheck" time="1.957"/>
  <testcase classname="testCases.TC004_DPPagecheck" name="TC004_DPPagecheck" time="5.554"/>
  <testcase classname="testCases.TC005_addToCarttest" name="TC005_addToCarttest" time="6.147"/>
  <testcase classname="testCases.TC006_currencycheck" name="TC006_currencycheck" time="6.427"/>
  <testcase classname="testCases.TC007_checkStrikeThrough" name="checkStrikeThrough" time="2.599"/>
  <testcase classname="testCases.TC008_hoverAndClickTC" name="TC008_hoverAndClickTC" time="2.103"/>
  <testcase classname="testCases.TC009_sortSRP" name="TC009_sortSRP" time="5.926"/>
</testsuite> <!-- TestCases1 -->
