<?xml version="1.0" encoding="UTF-8"?>
<testng-results ignored="0" total="13" passed="13" failed="0" skipped="0">
  <reporter-output>
  </reporter-output>
  <suite started-at="2026-05-09T22:58:00 IST" name="AutomationSuite" finished-at="2026-05-09T23:00:25 IST" duration-ms="145604">
    <groups>
      <group name="Master">
        <method signature="TC001_accountRegistration.verify_account_registration()[pri:0, instance:testCases.TC001_accountRegistration@34b7ac2f]" name="verify_account_registration" class="testCases.TC001_accountRegistration"/>
        <method signature="TC002_loginTest.verifyLogin(java.lang.String,java.lang.String,java.lang.String)[pri:0, instance:testCases.TC002_loginTest@17046283]" name="verifyLogin" class="testCases.TC002_loginTest"/>
        <method signature="TC003_srpcheck.TC003_srpcheck()[pri:0, instance:testCases.TC003_srpcheck@e056f20]" name="TC003_srpcheck" class="testCases.TC003_srpcheck"/>
        <method signature="TC004_DPPagecheck.TC004_DPPagecheck()[pri:0, instance:testCases.TC004_DPPagecheck@4b0b0854]" name="TC004_DPPagecheck" class="testCases.TC004_DPPagecheck"/>
        <method signature="TC005_addToCarttest.TC005_addToCarttest()[pri:0, instance:testCases.TC005_addToCarttest@19bb07ed]" name="TC005_addToCarttest" class="testCases.TC005_addToCarttest"/>
        <method signature="TC006_currencycheck.TC006_currencycheck()[pri:0, instance:testCases.TC006_currencycheck@10e41621]" name="TC006_currencycheck" class="testCases.TC006_currencycheck"/>
        <method signature="TC007_checkStrikeThrough.checkStrikeThrough()[pri:0, instance:testCases.TC007_checkStrikeThrough@353d0772]" name="checkStrikeThrough" class="testCases.TC007_checkStrikeThrough"/>
        <method signature="TC008_hoverAndClickTC.TC008_hoverAndClickTC()[pri:0, instance:testCases.TC008_hoverAndClickTC@2667f029]" name="TC008_hoverAndClickTC" class="testCases.TC008_hoverAndClickTC"/>
        <method signature="TC009_sortSRP.TC009_sortSRP()[pri:0, instance:testCases.TC009_sortSRP@67a20f67]" name="TC009_sortSRP" class="testCases.TC009_sortSRP"/>
      </group> <!-- Master -->
      <group name="Sanity">
        <method signature="TC001_accountRegistration.verify_account_registration()[pri:0, instance:testCases.TC001_accountRegistration@34b7ac2f]" name="verify_account_registration" class="testCases.TC001_accountRegistration"/>
        <method signature="TC002_loginTest.verifyLogin(java.lang.String,java.lang.String,java.lang.String)[pri:0, instance:testCases.TC002_loginTest@17046283]" name="verifyLogin" class="testCases.TC002_loginTest"/>
        <method signature="TC003_srpcheck.TC003_srpcheck()[pri:0, instance:testCases.TC003_srpcheck@e056f20]" name="TC003_srpcheck" class="testCases.TC003_srpcheck"/>
        <method signature="TC006_currencycheck.TC006_currencycheck()[pri:0, instance:testCases.TC006_currencycheck@10e41621]" name="TC006_currencycheck" class="testCases.TC006_currencycheck"/>
        <method signature="TC007_checkStrikeThrough.checkStrikeThrough()[pri:0, instance:testCases.TC007_checkStrikeThrough@353d0772]" name="checkStrikeThrough" class="testCases.TC007_checkStrikeThrough"/>
        <method signature="TC008_hoverAndClickTC.TC008_hoverAndClickTC()[pri:0, instance:testCases.TC008_hoverAndClickTC@2667f029]" name="TC008_hoverAndClickTC" class="testCases.TC008_hoverAndClickTC"/>
        <method signature="TC009_sortSRP.TC009_sortSRP()[pri:0, instance:testCases.TC009_sortSRP@67a20f67]" name="TC009_sortSRP" class="testCases.TC009_sortSRP"/>
      </group> <!-- Sanity -->
      <group name="regression">
        <method signature="TC005_addToCarttest.TC005_addToCarttest()[pri:0, instance:testCases.TC005_addToCarttest@19bb07ed]" name="TC005_addToCarttest" class="testCases.TC005_addToCarttest"/>
        <method signature="TC007_checkStrikeThrough.checkStrikeThrough()[pri:0, instance:testCases.TC007_checkStrikeThrough@353d0772]" name="checkStrikeThrough" class="testCases.TC007_checkStrikeThrough"/>
        <method signature="TC008_hoverAndClickTC.TC008_hoverAndClickTC()[pri:0, instance:testCases.TC008_hoverAndClickTC@2667f029]" name="TC008_hoverAndClickTC" class="testCases.TC008_hoverAndClickTC"/>
      </group> <!-- regression -->
    </groups>
    <test started-at="2026-05-09T22:58:00 IST" name="TestCases1" finished-at="2026-05-09T23:00:25 IST" duration-ms="145604">
      <class name="testCases.TC006_currencycheck">
        <test-method is-config="true" signature="setup(java.lang.String,java.lang.String)[pri:0, instance:testCases.TC006_currencycheck@10e41621]" started-at="2026-05-09T22:59:47 IST" name="setup" finished-at="2026-05-09T22:59:52 IST" duration-ms="4777" status="PASS">
          <params>
            <param index="0">
              <value>
                <![CDATA[chrome]]>
              </value>
            </param>
            <param index="1">
              <value>
                <![CDATA[true]]>
              </value>
            </param>
          </params>
          <reporter-output>
          </reporter-output>
        </test-method> <!-- setup -->
        <test-method signature="TC006_currencycheck()[pri:0, instance:testCases.TC006_currencycheck@10e41621]" started-at="2026-05-09T22:59:52 IST" name="TC006_currencycheck" finished-at="2026-05-09T22:59:59 IST" duration-ms="6427" status="PASS">
          <reporter-output>
          </reporter-output>
        </test-method> <!-- TC006_currencycheck -->
        <test-method is-config="true" signature="tearDown()[pri:0, instance:testCases.TC006_currencycheck@10e41621]" started-at="2026-05-09T22:59:59 IST" name="tearDown" finished-at="2026-05-09T22:59:59 IST" duration-ms="257" status="PASS">
          <reporter-output>
          </reporter-output>
        </test-method> <!-- tearDown -->
      </class> <!-- testCases.TC006_currencycheck -->
      <class name="testCases.TC008_hoverAndClickTC">
        <test-method is-config="true" signature="setup(java.lang.String,java.lang.String)[pri:0, instance:testCases.TC008_hoverAndClickTC@2667f029]" started-at="2026-05-09T23:00:07 IST" name="setup" finished-at="2026-05-09T23:00:12 IST" duration-ms="4372" status="PASS">
          <params>
            <param index="0">
              <value>
                <![CDATA[chrome]]>
              </value>
            </param>
            <param index="1">
              <value>
                <![CDATA[true]]>
              </value>
            </param>
          </params>
          <reporter-output>
          </reporter-output>
        </test-method> <!-- setup -->
        <test-method signature="TC008_hoverAndClickTC()[pri:0, instance:testCases.TC008_hoverAndClickTC@2667f029]" started-at="2026-05-09T23:00:12 IST" name="TC008_hoverAndClickTC" finished-at="2026-05-09T23:00:14 IST" duration-ms="2103" status="PASS">
          <reporter-output>
          </reporter-output>
        </test-method> <!-- TC008_hoverAndClickTC -->
        <test-method is-config="true" signature="tearDown()[pri:0, instance:testCases.TC008_hoverAndClickTC@2667f029]" started-at="2026-05-09T23:00:14 IST" name="tearDown" finished-at="2026-05-09T23:00:14 IST" duration-ms="251" status="PASS">
          <reporter-output>
          </reporter-output>
        </test-method> <!-- tearDown -->
      </class> <!-- testCases.TC008_hoverAndClickTC -->
      <class name="testCases.TC003_srpcheck">
        <test-method is-config="true" signature="setup(java.lang.String,java.lang.String)[pri:0, instance:testCases.TC003_srpcheck@e056f20]" started-at="2026-05-09T22:59:19 IST" name="setup" finished-at="2026-05-09T22:59:24 IST" duration-ms="4585" status="PASS">
          <params>
            <param index="0">
              <value>
                <![CDATA[chrome]]>
              </value>
            </param>
            <param index="1">
              <value>
                <![CDATA[true]]>
              </value>
            </param>
          </params>
          <reporter-output>
          </reporter-output>
        </test-method> <!-- setup -->
        <test-method signature="TC003_srpcheck()[pri:0, instance:testCases.TC003_srpcheck@e056f20]" started-at="2026-05-09T22:59:24 IST" name="TC003_srpcheck" finished-at="2026-05-09T22:59:26 IST" duration-ms="1957" status="PASS">
          <reporter-output>
          </reporter-output>
        </test-method> <!-- TC003_srpcheck -->
        <test-method is-config="true" signature="tearDown()[pri:0, instance:testCases.TC003_srpcheck@e056f20]" started-at="2026-05-09T22:59:26 IST" name="tearDown" finished-at="2026-05-09T22:59:26 IST" duration-ms="249" status="PASS">
          <reporter-output>
          </reporter-output>
        </test-method> <!-- tearDown -->
      </class> <!-- testCases.TC003_srpcheck -->
      <class name="testCases.TC002_loginTest">
        <test-method is-config="true" signature="setup(java.lang.String,java.lang.String)[pri:0, instance:testCases.TC002_loginTest@17046283]" started-at="2026-05-09T22:58:00 IST" name="setup" finished-at="2026-05-09T22:58:07 IST" duration-ms="7120" status="PASS">
          <params>
            <param index="0">
              <value>
                <![CDATA[chrome]]>
              </value>
            </param>
            <param index="1">
              <value>
                <![CDATA[true]]>
              </value>
            </param>
          </params>
          <reporter-output>
          </reporter-output>
        </test-method> <!-- setup -->
        <test-method signature="verifyLogin(java.lang.String,java.lang.String,java.lang.String)[pri:0, instance:testCases.TC002_loginTest@17046283]" started-at="2026-05-09T22:58:07 IST" name="verifyLogin" data-provider="LoginData" finished-at="2026-05-09T22:58:22 IST" duration-ms="14866" status="PASS">
          <params>
            <param index="0">
              <value>
                <![CDATA[pavanoltraining@gmail.com]]>
              </value>
            </param>
            <param index="1">
              <value>
                <![CDATA[test@123]]>
              </value>
            </param>
            <param index="2">
              <value>
                <![CDATA[invalid]]>
              </value>
            </param>
          </params>
          <reporter-output>
          </reporter-output>
        </test-method> <!-- verifyLogin -->
        <test-method signature="verifyLogin(java.lang.String,java.lang.String,java.lang.String)[pri:0, instance:testCases.TC002_loginTest@17046283]" started-at="2026-05-09T22:58:22 IST" name="verifyLogin" data-provider="LoginData" finished-at="2026-05-09T22:58:37 IST" duration-ms="14695" status="PASS">
          <params>
            <param index="0">
              <value>
                <![CDATA[laksmi@yahoo.com]]>
              </value>
            </param>
            <param index="1">
              <value>
                <![CDATA[Laxmi]]>
              </value>
            </param>
            <param index="2">
              <value>
                <![CDATA[Invalid]]>
              </value>
            </param>
          </params>
          <reporter-output>
          </reporter-output>
        </test-method> <!-- verifyLogin -->
        <test-method signature="verifyLogin(java.lang.String,java.lang.String,java.lang.String)[pri:0, instance:testCases.TC002_loginTest@17046283]" started-at="2026-05-09T22:58:37 IST" name="verifyLogin" data-provider="LoginData" finished-at="2026-05-09T22:58:44 IST" duration-ms="6779" status="PASS">
          <params>
            <param index="0">
              <value>
                <![CDATA[laksh@yahoo.com]]>
              </value>
            </param>
            <param index="1">
              <value>
                <![CDATA[Lakshmi]]>
              </value>
            </param>
            <param index="2">
              <value>
                <![CDATA[valid]]>
              </value>
            </param>
          </params>
          <reporter-output>
          </reporter-output>
        </test-method> <!-- verifyLogin -->
        <test-method signature="verifyLogin(java.lang.String,java.lang.String,java.lang.String)[pri:0, instance:testCases.TC002_loginTest@17046283]" started-at="2026-05-09T22:58:44 IST" name="verifyLogin" data-provider="LoginData" finished-at="2026-05-09T22:58:59 IST" duration-ms="14739" status="PASS">
          <params>
            <param index="0">
              <value>
                <![CDATA[laks@yahoo.com]]>
              </value>
            </param>
            <param index="1">
              <value>
                <![CDATA[xyz]]>
              </value>
            </param>
            <param index="2">
              <value>
                <![CDATA[Invalid]]>
              </value>
            </param>
          </params>
          <reporter-output>
          </reporter-output>
        </test-method> <!-- verifyLogin -->
        <test-method signature="verifyLogin(java.lang.String,java.lang.String,java.lang.String)[pri:0, instance:testCases.TC002_loginTest@17046283]" started-at="2026-05-09T22:58:59 IST" name="verifyLogin" data-provider="LoginData" finished-at="2026-05-09T22:59:06 IST" duration-ms="7763" status="PASS">
          <params>
            <param index="0">
              <value>
                <![CDATA[abc123@gmail.com]]>
              </value>
            </param>
            <param index="1">
              <value>
                <![CDATA[test@123]]>
              </value>
            </param>
            <param index="2">
              <value>
                <![CDATA[Valid]]>
              </value>
            </param>
          </params>
          <reporter-output>
          </reporter-output>
        </test-method> <!-- verifyLogin -->
        <test-method is-config="true" signature="tearDown()[pri:0, instance:testCases.TC002_loginTest@17046283]" started-at="2026-05-09T22:59:06 IST" name="tearDown" finished-at="2026-05-09T22:59:07 IST" duration-ms="265" status="PASS">
          <reporter-output>
          </reporter-output>
        </test-method> <!-- tearDown -->
      </class> <!-- testCases.TC002_loginTest -->
      <class name="testCases.TC001_accountRegistration">
        <test-method is-config="true" signature="setup(java.lang.String,java.lang.String)[pri:0, instance:testCases.TC001_accountRegistration@34b7ac2f]" started-at="2026-05-09T22:59:07 IST" name="setup" finished-at="2026-05-09T22:59:12 IST" duration-ms="5044" status="PASS">
          <params>
            <param index="0">
              <value>
                <![CDATA[chrome]]>
              </value>
            </param>
            <param index="1">
              <value>
                <![CDATA[true]]>
              </value>
            </param>
          </params>
          <reporter-output>
          </reporter-output>
        </test-method> <!-- setup -->
        <test-method signature="verify_account_registration()[pri:0, instance:testCases.TC001_accountRegistration@34b7ac2f]" started-at="2026-05-09T22:59:12 IST" name="verify_account_registration" finished-at="2026-05-09T22:59:19 IST" duration-ms="7346" status="PASS">
          <reporter-output>
          </reporter-output>
        </test-method> <!-- verify_account_registration -->
        <test-method is-config="true" signature="tearDown()[pri:0, instance:testCases.TC001_accountRegistration@34b7ac2f]" started-at="2026-05-09T22:59:19 IST" name="tearDown" finished-at="2026-05-09T22:59:19 IST" duration-ms="257" status="PASS">
          <reporter-output>
          </reporter-output>
        </test-method> <!-- tearDown -->
      </class> <!-- testCases.TC001_accountRegistration -->
      <class name="testCases.TC007_checkStrikeThrough">
        <test-method is-config="true" signature="setup(java.lang.String,java.lang.String)[pri:0, instance:testCases.TC007_checkStrikeThrough@353d0772]" started-at="2026-05-09T22:59:59 IST" name="setup" finished-at="2026-05-09T23:00:04 IST" duration-ms="5418" status="PASS">
          <params>
            <param index="0">
              <value>
                <![CDATA[chrome]]>
              </value>
            </param>
            <param index="1">
              <value>
                <![CDATA[true]]>
              </value>
            </param>
          </params>
          <reporter-output>
          </reporter-output>
        </test-method> <!-- setup -->
        <test-method signature="checkStrikeThrough()[pri:0, instance:testCases.TC007_checkStrikeThrough@353d0772]" started-at="2026-05-09T23:00:04 IST" name="checkStrikeThrough" finished-at="2026-05-09T23:00:07 IST" duration-ms="2599" status="PASS">
          <reporter-output>
          </reporter-output>
        </test-method> <!-- checkStrikeThrough -->
        <test-method is-config="true" signature="tearDown()[pri:0, instance:testCases.TC007_checkStrikeThrough@353d0772]" started-at="2026-05-09T23:00:07 IST" name="tearDown" finished-at="2026-05-09T23:00:07 IST" duration-ms="248" status="PASS">
          <reporter-output>
          </reporter-output>
        </test-method> <!-- tearDown -->
      </class> <!-- testCases.TC007_checkStrikeThrough -->
      <class name="testCases.TC004_DPPagecheck">
        <test-method is-config="true" signature="setup(java.lang.String,java.lang.String)[pri:0, instance:testCases.TC004_DPPagecheck@4b0b0854]" started-at="2026-05-09T22:59:26 IST" name="setup" finished-at="2026-05-09T22:59:31 IST" duration-ms="4668" status="PASS">
          <params>
            <param index="0">
              <value>
                <![CDATA[chrome]]>
              </value>
            </param>
            <param index="1">
              <value>
                <![CDATA[true]]>
              </value>
            </param>
          </params>
          <reporter-output>
          </reporter-output>
        </test-method> <!-- setup -->
        <test-method signature="TC004_DPPagecheck()[pri:0, instance:testCases.TC004_DPPagecheck@4b0b0854]" started-at="2026-05-09T22:59:31 IST" name="TC004_DPPagecheck" finished-at="2026-05-09T22:59:36 IST" duration-ms="5554" status="PASS">
          <reporter-output>
          </reporter-output>
        </test-method> <!-- TC004_DPPagecheck -->
        <test-method is-config="true" signature="tearDown()[pri:0, instance:testCases.TC004_DPPagecheck@4b0b0854]" started-at="2026-05-09T22:59:36 IST" name="tearDown" finished-at="2026-05-09T22:59:36 IST" duration-ms="256" status="PASS">
          <reporter-output>
          </reporter-output>
        </test-method> <!-- tearDown -->
      </class> <!-- testCases.TC004_DPPagecheck -->
      <class name="testCases.TC005_addToCarttest">
        <test-method is-config="true" signature="setup(java.lang.String,java.lang.String)[pri:0, instance:testCases.TC005_addToCarttest@19bb07ed]" started-at="2026-05-09T22:59:36 IST" name="setup" finished-at="2026-05-09T22:59:41 IST" duration-ms="4600" status="PASS">
          <params>
            <param index="0">
              <value>
                <![CDATA[chrome]]>
              </value>
            </param>
            <param index="1">
              <value>
                <![CDATA[true]]>
              </value>
            </param>
          </params>
          <reporter-output>
          </reporter-output>
        </test-method> <!-- setup -->
        <test-method signature="TC005_addToCarttest()[pri:0, instance:testCases.TC005_addToCarttest@19bb07ed]" started-at="2026-05-09T22:59:41 IST" name="TC005_addToCarttest" finished-at="2026-05-09T22:59:47 IST" duration-ms="6147" status="PASS">
          <reporter-output>
          </reporter-output>
        </test-method> <!-- TC005_addToCarttest -->
        <test-method is-config="true" signature="tearDown()[pri:0, instance:testCases.TC005_addToCarttest@19bb07ed]" started-at="2026-05-09T22:59:47 IST" name="tearDown" finished-at="2026-05-09T22:59:47 IST" duration-ms="253" status="PASS">
          <reporter-output>
          </reporter-output>
        </test-method> <!-- tearDown -->
      </class> <!-- testCases.TC005_addToCarttest -->
      <class name="testCases.TC009_sortSRP">
        <test-method is-config="true" signature="setup(java.lang.String,java.lang.String)[pri:0, instance:testCases.TC009_sortSRP@67a20f67]" started-at="2026-05-09T23:00:14 IST" name="setup" finished-at="2026-05-09T23:00:19 IST" duration-ms="5087" status="PASS">
          <params>
            <param index="0">
              <value>
                <![CDATA[chrome]]>
              </value>
            </param>
            <param index="1">
              <value>
                <![CDATA[true]]>
              </value>
            </param>
          </params>
          <reporter-output>
          </reporter-output>
        </test-method> <!-- setup -->
        <test-method signature="TC009_sortSRP()[pri:0, instance:testCases.TC009_sortSRP@67a20f67]" started-at="2026-05-09T23:00:19 IST" name="TC009_sortSRP" finished-at="2026-05-09T23:00:25 IST" duration-ms="5926" status="PASS">
          <reporter-output>
          </reporter-output>
        </test-method> <!-- TC009_sortSRP -->
        <test-method is-config="true" signature="tearDown()[pri:0, instance:testCases.TC009_sortSRP@67a20f67]" started-at="2026-05-09T23:00:25 IST" name="tearDown" finished-at="2026-05-09T23:00:25 IST" duration-ms="261" status="PASS">
          <reporter-output>
          </reporter-output>
        </test-method> <!-- tearDown -->
      </class> <!-- testCases.TC009_sortSRP -->
    </test> <!-- TestCases1 -->
  </suite> <!-- AutomationSuite -->
</testng-results>
