<?xml version="1.0" encoding="UTF-8"?>
<testsuite xmlns:xsi="http://www.w3.org/2001/XMLSchema-instance" xsi:noNamespaceSchemaLocation="https://maven.apache.org/surefire/maven-surefire-plugin/xsd/surefire-test-report-3.0.xsd" version="3.0" name="TestSuite" time="71.071" tests="13" errors="0" skipped="0" failures="0">
  <properties>
[...]
</properties>
  <testcase name="verifyLogin[pavanoltraining@gmail.com, test@123, invalid](1)" classname="testCases.TC002_loginTest" time="12.83">
    <system-out><![CDATA[14:30:54.532 [main] DEBUG org.apache.poi.openxml4j.opc.PackageRelationshipCollection - Parsing relationship: /xl/_rels/workbook.xml.rels
14:30:54.535 [main] DEBUG org.apache.poi.openxml4j.opc.PackageRelationshipCollection - Parsing relationship: /_rels/.rels
14:30:54.825 [main] DEBUG org.apache.poi.openxml4j.opc.PackageRelationshipCollection - Parsing relationship: /xl/_rels/workbook.xml.rels
14:30:54.826 [main] DEBUG org.apache.poi.openxml4j.opc.PackageRelationshipCollection - Parsing relationship: /_rels/.rels
14:30:54.846 [main] DEBUG org.apache.poi.openxml4j.opc.PackageRelationshipCollection - Parsing relationship: /xl/_rels/workbook.xml.rels
14:30:54.847 [main] DEBUG org.apache.poi.openxml4j.opc.PackageRelationshipCollection - Parsing relationship: /_rels/.rels
14:30:54.866 [main] DEBUG org.apache.poi.openxml4j.opc.PackageRelationshipCollection - Parsing relationship: /xl/_rels/workbook.xml.rels
14:30:54.867 [main] DEBUG org.apache.poi.openxml4j.opc.PackageRelationshipCollection - Parsing relationship: /_rels/.rels
14:30:54.879 [main] DEBUG org.apache.poi.openxml4j.opc.PackageRelationshipCollection - Parsing relationship: /xl/_rels/workbook.xml.rels
14:30:54.880 [main] DEBUG org.apache.poi.openxml4j.opc.PackageRelationshipCollection - Parsing relationship: /_rels/.rels
14:30:54.892 [main] DEBUG org.apache.poi.openxml4j.opc.PackageRelationshipCollection - Parsing relationship: /xl/_rels/workbook.xml.rels
14:30:54.893 [main] DEBUG org.apache.poi.openxml4j.opc.PackageRelationshipCollection - Parsing relationship: /_rels/.rels
14:30:54.914 [main] DEBUG org.apache.poi.openxml4j.opc.PackageRelationshipCollection - Parsing relationship: /xl/_rels/workbook.xml.rels
14:30:54.914 [main] DEBUG org.apache.poi.openxml4j.opc.PackageRelationshipCollection - Parsing relationship: /_rels/.rels
14:30:54.928 [main] DEBUG org.apache.poi.openxml4j.opc.PackageRelationshipCollection - Parsing relationship: /xl/_rels/workbook.xml.rels
14:30:54.929 [main] DEBUG org.apache.poi.openxml4j.opc.PackageRelationshipCollection - Parsing relationship: /_rels/.rels
14:30:54.943 [main] DEBUG org.apache.poi.openxml4j.opc.PackageRelationshipCollection - Parsing relationship: /xl/_rels/workbook.xml.rels
14:30:54.944 [main] DEBUG org.apache.poi.openxml4j.opc.PackageRelationshipCollection - Parsing relationship: /_rels/.rels
14:30:54.958 [main] DEBUG org.apache.poi.openxml4j.opc.PackageRelationshipCollection - Parsing relationship: /xl/_rels/workbook.xml.rels
14:30:54.958 [main] DEBUG org.apache.poi.openxml4j.opc.PackageRelationshipCollection - Parsing relationship: /_rels/.rels
14:30:54.969 [main] DEBUG org.apache.poi.openxml4j.opc.PackageRelationshipCollection - Parsing relationship: /xl/_rels/workbook.xml.rels
14:30:54.970 [main] DEBUG org.apache.poi.openxml4j.opc.PackageRelationshipCollection - Parsing relationship: /_rels/.rels
14:30:54.981 [main] DEBUG org.apache.poi.openxml4j.opc.PackageRelationshipCollection - Parsing relationship: /xl/_rels/workbook.xml.rels
14:30:54.982 [main] DEBUG org.apache.poi.openxml4j.opc.PackageRelationshipCollection - Parsing relationship: /_rels/.rels
14:30:54.995 [main] DEBUG org.apache.poi.openxml4j.opc.PackageRelationshipCollection - Parsing relationship: /xl/_rels/workbook.xml.rels
14:30:54.996 [main] DEBUG org.apache.poi.openxml4j.opc.PackageRelationshipCollection - Parsing relationship: /_rels/.rels
14:30:55.007 [main] DEBUG org.apache.poi.openxml4j.opc.PackageRelationshipCollection - Parsing relationship: /xl/_rels/workbook.xml.rels
14:30:55.007 [main] DEBUG org.apache.poi.openxml4j.opc.PackageRelationshipCollection - Parsing relationship: /_rels/.rels
14:30:55.017 [main] DEBUG org.apache.poi.openxml4j.opc.PackageRelationshipCollection - Parsing relationship: /xl/_rels/workbook.xml.rels
14:30:55.017 [main] DEBUG org.apache.poi.openxml4j.opc.PackageRelationshipCollection - Parsing relationship: /_rels/.rels
14:30:55.028 [main] DEBUG org.apache.poi.openxml4j.opc.PackageRelationshipCollection - Parsing relationship: /xl/_rels/workbook.xml.rels
14:30:55.028 [main] DEBUG org.apache.poi.openxml4j.opc.PackageRelationshipCollection - Parsing relationship: /_rels/.rels
14:30:55.041 [main] DEBUG org.apache.poi.openxml4j.opc.PackageRelationshipCollection - Parsing relationship: /xl/_rels/workbook.xml.rels
14:30:55.042 [main] DEBUG org.apache.poi.openxml4j.opc.PackageRelationshipCollection - Parsing relationship: /_rels/.rels
invalid  false
14:31:07.875 [main] INFO  testCases.TC002_loginTest - invalid passes
]]></system-out>
    <system-err><![CDATA[SLF4J(W): No SLF4J providers were found.
SLF4J(W): Defaulting to no-operation (NOP) logger implementation
SLF4J(W): See https://www.slf4j.org/codes.html#noProviders for further details.
Apr 06, 2026 2:30:53 PM org.openqa.selenium.devtools.CdpVersionFinder findNearestMatch
WARNING: Unable to find an exact match for CDP version 146, returning the closest version; found: 145; Please update to a Selenium version that supports CDP version 146
]]></system-err>
  </testcase>
  <testcase name="verifyLogin[laksmi@yahoo.com, Laxmi, Invalid](2)" classname="testCases.TC002_loginTest" time="12.016">
    <system-out><![CDATA[Invalid  false
14:31:19.898 [main] INFO  testCases.TC002_loginTest - invalid passes
]]></system-out>
  </testcase>
  <testcase name="verifyLogin[laksh@yahoo.com, Lakshmi, valid](3)" classname="testCases.TC002_loginTest" time="2.9">
    <system-out><![CDATA[valid  true
]]></system-out>
  </testcase>
  <testcase name="verifyLogin[laks@yahoo.com, xyz, Invalid](4)" classname="testCases.TC002_loginTest" time="12.062">
    <system-out><![CDATA[Invalid  false
14:31:34.860 [main] INFO  testCases.TC002_loginTest - invalid passes
]]></system-out>
  </testcase>
  <testcase name="verifyLogin[abc123@gmail.com, test@123, Valid](5)" classname="testCases.TC002_loginTest" time="2.593">
    <system-out><![CDATA[Valid  true
]]></system-out>
  </testcase>
  <testcase name="verify_account_registration" classname="testCases.TC001_accountRegistration" time="2.031">
    <system-out><![CDATA[14:31:38.816 [main] INFO  testCases.TC001_accountRegistration - ****Starting TC001_AccountReg****
14:31:39.262 [main] INFO  testCases.TC001_accountRegistration - ****In to Register page****
14:31:40.825 [main] INFO  testCases.TC001_accountRegistration - ****Finished TC001_AccountReg****
]]></system-out>
    <system-err><![CDATA[Apr 06, 2026 2:31:38 PM org.openqa.selenium.devtools.CdpVersionFinder findNearestMatch
WARNING: Unable to find an exact match for CDP version 146, returning the closest version; found: 145; Please update to a Selenium version that supports CDP version 146
]]></system-err>
  </testcase>
  <testcase name="TC003_srpcheck" classname="testCases.TC003_srpcheck" time="0.61">
    <system-out><![CDATA[Search - macbook
]]></system-out>
    <system-err><![CDATA[Apr 06, 2026 2:31:41 PM org.openqa.selenium.devtools.CdpVersionFinder findNearestMatch
WARNING: Unable to find an exact match for CDP version 146, returning the closest version; found: 145; Please update to a Selenium version that supports CDP version 146
]]></system-err>
  </testcase>
  <testcase name="TC004_DPPagecheck" classname="testCases.TC004_DPPagecheck" time="1.775">
    <system-out><![CDATA[MacBook Air
MacBook Air
]]></system-out>
    <system-err><![CDATA[Apr 06, 2026 2:31:44 PM org.openqa.selenium.devtools.CdpVersionFinder findNearestMatch
WARNING: Unable to find an exact match for CDP version 146, returning the closest version; found: 145; Please update to a Selenium version that supports CDP version 146
]]></system-err>
  </testcase>
  <testcase name="TC005_addToCarttest" classname="testCases.TC005_addToCarttest" time="1.526">
    <system-out><![CDATA[MacBook Air
]]></system-out>
    <system-err><![CDATA[Apr 06, 2026 2:31:47 PM org.openqa.selenium.devtools.CdpVersionFinder findNearestMatch
WARNING: Unable to find an exact match for CDP version 146, returning the closest version; found: 145; Please update to a Selenium version that supports CDP version 146
]]></system-err>
  </testcase>
  <testcase name="TC006_currencycheck" classname="testCases.TC006_currencycheck" time="3.788">
    <system-out><![CDATA[$602.00
Ex Tax:$500.00
$123.20
Ex Tax:$101.00
$110.00 $122.00
Ex Tax:$90.00
$98.00 $122.00
Ex Tax:$80.00
]]></system-out>
    <system-err><![CDATA[Apr 06, 2026 2:31:50 PM org.openqa.selenium.devtools.CdpVersionFinder findNearestMatch
WARNING: Unable to find an exact match for CDP version 146, returning the closest version; found: 145; Please update to a Selenium version that supports CDP version 146
]]></system-err>
  </testcase>
  <testcase name="checkStrikeThrough" classname="testCases.TC007_checkStrikeThrough" time="0.335">
    <system-out><![CDATA[line-through
line-through
]]></system-out>
    <system-err><![CDATA[Apr 06, 2026 2:31:55 PM org.openqa.selenium.devtools.CdpVersionFinder findNearestMatch
WARNING: Unable to find an exact match for CDP version 146, returning the closest version; found: 145; Please update to a Selenium version that supports CDP version 146
]]></system-err>
  </testcase>
  <testcase name="TC008_hoverAndClickTC" classname="testCases.TC008_hoverAndClickTC" time="0.669">
    <system-err><![CDATA[Apr 06, 2026 2:31:57 PM org.openqa.selenium.devtools.CdpVersionFinder findNearestMatch
WARNING: Unable to find an exact match for CDP version 146, returning the closest version; found: 145; Please update to a Selenium version that supports CDP version 146
]]></system-err>
  </testcase>
  <testcase name="TC009_sortSRP" classname="testCases.TC009_sortSRP" time="1.756">
    <system-out><![CDATA[14:32:01.959 [main] INFO  testCases.TC009_sortSRP - MacBook Pro
]]></system-out>
    <system-err><![CDATA[Apr 06, 2026 2:31:59 PM org.openqa.selenium.devtools.CdpVersionFinder findNearestMatch
WARNING: Unable to find an exact match for CDP version 146, returning the closest version; found: 145; Please update to a Selenium version that supports CDP version 146
]]></system-err>
  </testcase>
</testsuite>