<?xml version="1.0" encoding="UTF-8"?>
<testng-results ignored="0" total="13" passed="13" failed="0" skipped="0">
  <reporter-output>
  </reporter-output>
  <suite started-at="2026-04-06T14:30:52 IST" name="AutomationSuite" finished-at="2026-04-06T14:32:02 IST" duration-ms="69610">
    <groups>
      <group name="Master">
        <method signature="TC001_accountRegistration.verify_account_registration()[pri:0, instance:testCases.TC001_accountRegistration@5a63f509]" name="verify_account_registration" class="testCases.TC001_accountRegistration"/>
        <method signature="TC002_loginTest.verifyLogin(java.lang.String,java.lang.String,java.lang.String)[pri:0, instance:testCases.TC002_loginTest@2e4b8173]" name="verifyLogin" class="testCases.TC002_loginTest"/>
        <method signature="TC003_srpcheck.TC003_srpcheck()[pri:0, instance:testCases.TC003_srpcheck@6e4784bc]" name="TC003_srpcheck" class="testCases.TC003_srpcheck"/>
        <method signature="TC004_DPPagecheck.TC004_DPPagecheck()[pri:0, instance:testCases.TC004_DPPagecheck@34b7ac2f]" name="TC004_DPPagecheck" class="testCases.TC004_DPPagecheck"/>
        <method signature="TC005_addToCarttest.TC005_addToCarttest()[pri:0, instance:testCases.TC005_addToCarttest@e056f20]" name="TC005_addToCarttest" class="testCases.TC005_addToCarttest"/>
        <method signature="TC006_currencycheck.TC006_currencycheck()[pri:0, instance:testCases.TC006_currencycheck@4b0b0854]" name="TC006_currencycheck" class="testCases.TC006_currencycheck"/>
        <method signature="TC007_checkStrikeThrough.checkStrikeThrough()[pri:0, instance:testCases.TC007_checkStrikeThrough@19bb07ed]" name="checkStrikeThrough" class="testCases.TC007_checkStrikeThrough"/>
        <method signature="TC008_hoverAndClickTC.TC008_hoverAndClickTC()[pri:0, instance:testCases.TC008_hoverAndClickTC@10e41621]" name="TC008_hoverAndClickTC" class="testCases.TC008_hoverAndClickTC"/>
        <method signature="TC009_sortSRP.TC009_sortSRP()[pri:0, instance:testCases.TC009_sortSRP@353d0772]" name="TC009_sortSRP" class="testCases.TC009_sortSRP"/>
      </group> <!-- Master -->
      <group name="Sanity">
        <method signature="TC001_accountRegistration.verify_account_registration()[pri:0, instance:testCases.TC001_accountRegistration@5a63f509]" name="verify_account_registration" class="testCases.TC001_accountRegistration"/>
        <method signature="TC002_loginTest.verifyLogin(java.lang.String,java.lang.String,java.lang.String)[pri:0, instance:testCases.TC002_loginTest@2e4b8173]" name="verifyLogin" class="testCases.TC002_loginTest"/>
        <method signature="TC003_srpcheck.TC003_srpcheck()[pri:0, instance:testCases.TC003_srpcheck@6e4784bc]" name="TC003_srpcheck" class="testCases.TC003_srpcheck"/>
        <method signature="TC006_currencycheck.TC006_currencycheck()[pri:0, instance:testCases.TC006_currencycheck@4b0b0854]" name="TC006_currencycheck" class="testCases.TC006_currencycheck"/>
        <method signature="TC007_checkStrikeThrough.checkStrikeThrough()[pri:0, instance:testCases.TC007_checkStrikeThrough@19bb07ed]" name="checkStrikeThrough" class="testCases.TC007_checkStrikeThrough"/>
        <method signature="TC008_hoverAndClickTC.TC008_hoverAndClickTC()[pri:0, instance:testCases.TC008_hoverAndClickTC@10e41621]" name="TC008_hoverAndClickTC" class="testCases.TC008_hoverAndClickTC"/>
        <method signature="TC009_sortSRP.TC009_sortSRP()[pri:0, instance:testCases.TC009_sortSRP@353d0772]" name="TC009_sortSRP" class="testCases.TC009_sortSRP"/>
      </group> <!-- Sanity -->
      <group name="regression">
        <method signature="TC005_addToCarttest.TC005_addToCarttest()[pri:0, instance:testCases.TC005_addToCarttest@e056f20]" name="TC005_addToCarttest" class="testCases.TC005_addToCarttest"/>
        <method signature="TC007_checkStrikeThrough.checkStrikeThrough()[pri:0, instance:testCases.TC007_checkStrikeThrough@19bb07ed]" name="checkStrikeThrough" class="testCases.TC007_checkStrikeThrough"/>
        <method signature="TC008_hoverAndClickTC.TC008_hoverAndClickTC()[pri:0, instance:testCases.TC008_hoverAndClickTC@10e41621]" name="TC008_hoverAndClickTC" class="testCases.TC008_hoverAndClickTC"/>
      </group> <!-- regression -->
    </groups>
    <test started-at="2026-04-06T14:30:52 IST" name="TestCases1" finished-at="2026-04-06T14:32:02 IST" duration-ms="69610">
      <class name="testCases.TC006_currencycheck">
        <test-method is-config="true" signature="setup(java.lang.String,java.lang.String)[pri:0, instance:testCases.TC006_currencycheck@4b0b0854]" started-at="2026-04-06T14:31:49 IST" name="setup" finished-at="2026-04-06T14:31:50 IST" duration-ms="1297" status="PASS">
          <params>
            <param index="0">
              <value>
                <![CDATA[chrome]]>
              </value>
            </param>
            <param index="1">
              <value>
                <![CDATA[true]]>
              </value>
            </param>
          </params>
          <reporter-output>
          </reporter-output>
        </test-method> <!-- setup -->
        <test-method signature="TC006_currencycheck()[pri:0, instance:testCases.TC006_currencycheck@4b0b0854]" started-at="2026-04-06T14:31:50 IST" name="TC006_currencycheck" finished-at="2026-04-06T14:31:54 IST" duration-ms="3787" status="PASS">
          <reporter-output>
          </reporter-output>
        </test-method> <!-- TC006_currencycheck -->
        <test-method is-config="true" signature="tearDown()[pri:0, instance:testCases.TC006_currencycheck@4b0b0854]" started-at="2026-04-06T14:31:54 IST" name="tearDown" finished-at="2026-04-06T14:31:54 IST" duration-ms="107" status="PASS">
          <reporter-output>
          </reporter-output>
        </test-method> <!-- tearDown -->
      </class> <!-- testCases.TC006_currencycheck -->
      <class name="testCases.TC008_hoverAndClickTC">
        <test-method is-config="true" signature="setup(java.lang.String,java.lang.String)[pri:0, instance:testCases.TC008_hoverAndClickTC@10e41621]" started-at="2026-04-06T14:31:56 IST" name="setup" finished-at="2026-04-06T14:31:58 IST" duration-ms="1760" status="PASS">
          <params>
            <param index="0">
              <value>
                <![CDATA[chrome]]>
              </value>
            </param>
            <param index="1">
              <value>
                <![CDATA[true]]>
              </value>
            </param>
          </params>
          <reporter-output>
          </reporter-output>
        </test-method> <!-- setup -->
        <test-method signature="TC008_hoverAndClickTC()[pri:0, instance:testCases.TC008_hoverAndClickTC@10e41621]" started-at="2026-04-06T14:31:58 IST" name="TC008_hoverAndClickTC" finished-at="2026-04-06T14:31:58 IST" duration-ms="669" status="PASS">
          <reporter-output>
          </reporter-output>
        </test-method> <!-- TC008_hoverAndClickTC -->
        <test-method is-config="true" signature="tearDown()[pri:0, instance:testCases.TC008_hoverAndClickTC@10e41621]" started-at="2026-04-06T14:31:58 IST" name="tearDown" finished-at="2026-04-06T14:31:58 IST" duration-ms="103" status="PASS">
          <reporter-output>
          </reporter-output>
        </test-method> <!-- tearDown -->
      </class> <!-- testCases.TC008_hoverAndClickTC -->
      <class name="testCases.TC003_srpcheck">
        <test-method is-config="true" signature="setup(java.lang.String,java.lang.String)[pri:0, instance:testCases.TC003_srpcheck@6e4784bc]" started-at="2026-04-06T14:31:41 IST" name="setup" finished-at="2026-04-06T14:31:42 IST" duration-ms="1888" status="PASS">
          <params>
            <param index="0">
              <value>
                <![CDATA[chrome]]>
              </value>
            </param>
            <param index="1">
              <value>
                <![CDATA[true]]>
              </value>
            </param>
          </params>
          <reporter-output>
          </reporter-output>
        </test-method> <!-- setup -->
        <test-method signature="TC003_srpcheck()[pri:0, instance:testCases.TC003_srpcheck@6e4784bc]" started-at="2026-04-06T14:31:42 IST" name="TC003_srpcheck" finished-at="2026-04-06T14:31:43 IST" duration-ms="610" status="PASS">
          <reporter-output>
          </reporter-output>
        </test-method> <!-- TC003_srpcheck -->
        <test-method is-config="true" signature="tearDown()[pri:0, instance:testCases.TC003_srpcheck@6e4784bc]" started-at="2026-04-06T14:31:43 IST" name="tearDown" finished-at="2026-04-06T14:31:43 IST" duration-ms="93" status="PASS">
          <reporter-output>
          </reporter-output>
        </test-method> <!-- tearDown -->
      </class> <!-- testCases.TC003_srpcheck -->
      <class name="testCases.TC002_loginTest">
        <test-method is-config="true" signature="setup(java.lang.String,java.lang.String)[pri:0, instance:testCases.TC002_loginTest@2e4b8173]" started-at="2026-04-06T14:30:52 IST" name="setup" finished-at="2026-04-06T14:30:54 IST" duration-ms="1866" status="PASS">
          <params>
            <param index="0">
              <value>
                <![CDATA[chrome]]>
              </value>
            </param>
            <param index="1">
              <value>
                <![CDATA[true]]>
              </value>
            </param>
          </params>
          <reporter-output>
          </reporter-output>
        </test-method> <!-- setup -->
        <test-method signature="verifyLogin(java.lang.String,java.lang.String,java.lang.String)[pri:0, instance:testCases.TC002_loginTest@2e4b8173]" started-at="2026-04-06T14:30:55 IST" name="verifyLogin" data-provider="LoginData" finished-at="2026-04-06T14:31:07 IST" duration-ms="12824" status="PASS">
          <params>
            <param index="0">
              <value>
                <![CDATA[pavanoltraining@gmail.com]]>
              </value>
            </param>
            <param index="1">
              <value>
                <![CDATA[test@123]]>
              </value>
            </param>
            <param index="2">
              <value>
                <![CDATA[invalid]]>
              </value>
            </param>
          </params>
          <reporter-output>
          </reporter-output>
        </test-method> <!-- verifyLogin -->
        <test-method signature="verifyLogin(java.lang.String,java.lang.String,java.lang.String)[pri:0, instance:testCases.TC002_loginTest@2e4b8173]" started-at="2026-04-06T14:31:07 IST" name="verifyLogin" data-provider="LoginData" finished-at="2026-04-06T14:31:19 IST" duration-ms="12014" status="PASS">
          <params>
            <param index="0">
              <value>
                <![CDATA[laksmi@yahoo.com]]>
              </value>
            </param>
            <param index="1">
              <value>
                <![CDATA[Laxmi]]>
              </value>
            </param>
            <param index="2">
              <value>
                <![CDATA[Invalid]]>
              </value>
            </param>
          </params>
          <reporter-output>
          </reporter-output>
        </test-method> <!-- verifyLogin -->
        <test-method signature="verifyLogin(java.lang.String,java.lang.String,java.lang.String)[pri:0, instance:testCases.TC002_loginTest@2e4b8173]" started-at="2026-04-06T14:31:19 IST" name="verifyLogin" data-provider="LoginData" finished-at="2026-04-06T14:31:22 IST" duration-ms="2901" status="PASS">
          <params>
            <param index="0">
              <value>
                <![CDATA[laksh@yahoo.com]]>
              </value>
            </param>
            <param index="1">
              <value>
                <![CDATA[Lakshmi]]>
              </value>
            </param>
            <param index="2">
              <value>
                <![CDATA[valid]]>
              </value>
            </param>
          </params>
          <reporter-output>
          </reporter-output>
        </test-method> <!-- verifyLogin -->
        <test-method signature="verifyLogin(java.lang.String,java.lang.String,java.lang.String)[pri:0, instance:testCases.TC002_loginTest@2e4b8173]" started-at="2026-04-06T14:31:22 IST" name="verifyLogin" data-provider="LoginData" finished-at="2026-04-06T14:31:34 IST" duration-ms="12059" status="PASS">
          <params>
            <param index="0">
              <value>
                <![CDATA[laks@yahoo.com]]>
              </value>
            </param>
            <param index="1">
              <value>
                <![CDATA[xyz]]>
              </value>
            </param>
            <param index="2">
              <value>
                <![CDATA[Invalid]]>
              </value>
            </param>
          </params>
          <reporter-output>
          </reporter-output>
        </test-method> <!-- verifyLogin -->
        <test-method signature="verifyLogin(java.lang.String,java.lang.String,java.lang.String)[pri:0, instance:testCases.TC002_loginTest@2e4b8173]" started-at="2026-04-06T14:31:34 IST" name="verifyLogin" data-provider="LoginData" finished-at="2026-04-06T14:31:37 IST" duration-ms="2595" status="PASS">
          <params>
            <param index="0">
              <value>
                <![CDATA[abc123@gmail.com]]>
              </value>
            </param>
            <param index="1">
              <value>
                <![CDATA[test@123]]>
              </value>
            </param>
            <param index="2">
              <value>
                <![CDATA[Valid]]>
              </value>
            </param>
          </params>
          <reporter-output>
          </reporter-output>
        </test-method> <!-- verifyLogin -->
        <test-method is-config="true" signature="tearDown()[pri:0, instance:testCases.TC002_loginTest@2e4b8173]" started-at="2026-04-06T14:31:37 IST" name="tearDown" finished-at="2026-04-06T14:31:37 IST" duration-ms="134" status="PASS">
          <reporter-output>
          </reporter-output>
        </test-method> <!-- tearDown -->
      </class> <!-- testCases.TC002_loginTest -->
      <class name="testCases.TC001_accountRegistration">
        <test-method is-config="true" signature="setup(java.lang.String,java.lang.String)[pri:0, instance:testCases.TC001_accountRegistration@5a63f509]" started-at="2026-04-06T14:31:37 IST" name="setup" finished-at="2026-04-06T14:31:38 IST" duration-ms="1222" status="PASS">
          <params>
            <param index="0">
              <value>
                <![CDATA[chrome]]>
              </value>
            </param>
            <param index="1">
              <value>
                <![CDATA[true]]>
              </value>
            </param>
          </params>
          <reporter-output>
          </reporter-output>
        </test-method> <!-- setup -->
        <test-method signature="verify_account_registration()[pri:0, instance:testCases.TC001_accountRegistration@5a63f509]" started-at="2026-04-06T14:31:38 IST" name="verify_account_registration" finished-at="2026-04-06T14:31:40 IST" duration-ms="2031" status="PASS">
          <reporter-output>
          </reporter-output>
        </test-method> <!-- verify_account_registration -->
        <test-method is-config="true" signature="tearDown()[pri:0, instance:testCases.TC001_accountRegistration@5a63f509]" started-at="2026-04-06T14:31:40 IST" name="tearDown" finished-at="2026-04-06T14:31:41 IST" duration-ms="209" status="PASS">
          <reporter-output>
          </reporter-output>
        </test-method> <!-- tearDown -->
      </class> <!-- testCases.TC001_accountRegistration -->
      <class name="testCases.TC007_checkStrikeThrough">
        <test-method is-config="true" signature="setup(java.lang.String,java.lang.String)[pri:0, instance:testCases.TC007_checkStrikeThrough@19bb07ed]" started-at="2026-04-06T14:31:54 IST" name="setup" finished-at="2026-04-06T14:31:56 IST" duration-ms="1126" status="PASS">
          <params>
            <param index="0">
              <value>
                <![CDATA[chrome]]>
              </value>
            </param>
            <param index="1">
              <value>
                <![CDATA[true]]>
              </value>
            </param>
          </params>
          <reporter-output>
          </reporter-output>
        </test-method> <!-- setup -->
        <test-method signature="checkStrikeThrough()[pri:0, instance:testCases.TC007_checkStrikeThrough@19bb07ed]" started-at="2026-04-06T14:31:56 IST" name="checkStrikeThrough" finished-at="2026-04-06T14:31:56 IST" duration-ms="333" status="PASS">
          <reporter-output>
          </reporter-output>
        </test-method> <!-- checkStrikeThrough -->
        <test-method is-config="true" signature="tearDown()[pri:0, instance:testCases.TC007_checkStrikeThrough@19bb07ed]" started-at="2026-04-06T14:31:56 IST" name="tearDown" finished-at="2026-04-06T14:31:56 IST" duration-ms="90" status="PASS">
          <reporter-output>
          </reporter-output>
        </test-method> <!-- tearDown -->
      </class> <!-- testCases.TC007_checkStrikeThrough -->
      <class name="testCases.TC004_DPPagecheck">
        <test-method is-config="true" signature="setup(java.lang.String,java.lang.String)[pri:0, instance:testCases.TC004_DPPagecheck@34b7ac2f]" started-at="2026-04-06T14:31:43 IST" name="setup" finished-at="2026-04-06T14:31:44 IST" duration-ms="1311" status="PASS">
          <params>
            <param index="0">
              <value>
                <![CDATA[chrome]]>
              </value>
            </param>
            <param index="1">
              <value>
                <![CDATA[true]]>
              </value>
            </param>
          </params>
          <reporter-output>
          </reporter-output>
        </test-method> <!-- setup -->
        <test-method signature="TC004_DPPagecheck()[pri:0, instance:testCases.TC004_DPPagecheck@34b7ac2f]" started-at="2026-04-06T14:31:44 IST" name="TC004_DPPagecheck" finished-at="2026-04-06T14:31:46 IST" duration-ms="1774" status="PASS">
          <reporter-output>
          </reporter-output>
        </test-method> <!-- TC004_DPPagecheck -->
        <test-method is-config="true" signature="tearDown()[pri:0, instance:testCases.TC004_DPPagecheck@34b7ac2f]" started-at="2026-04-06T14:31:46 IST" name="tearDown" finished-at="2026-04-06T14:31:46 IST" duration-ms="104" status="PASS">
          <reporter-output>
          </reporter-output>
        </test-method> <!-- tearDown -->
      </class> <!-- testCases.TC004_DPPagecheck -->
      <class name="testCases.TC005_addToCarttest">
        <test-method is-config="true" signature="setup(java.lang.String,java.lang.String)[pri:0, instance:testCases.TC005_addToCarttest@e056f20]" started-at="2026-04-06T14:31:46 IST" name="setup" finished-at="2026-04-06T14:31:48 IST" duration-ms="1188" status="PASS">
          <params>
            <param index="0">
              <value>
                <![CDATA[chrome]]>
              </value>
            </param>
            <param index="1">
              <value>
                <![CDATA[true]]>
              </value>
            </param>
          </params>
          <reporter-output>
          </reporter-output>
        </test-method> <!-- setup -->
        <test-method signature="TC005_addToCarttest()[pri:0, instance:testCases.TC005_addToCarttest@e056f20]" started-at="2026-04-06T14:31:48 IST" name="TC005_addToCarttest" finished-at="2026-04-06T14:31:49 IST" duration-ms="1525" status="PASS">
          <reporter-output>
          </reporter-output>
        </test-method> <!-- TC005_addToCarttest -->
        <test-method is-config="true" signature="tearDown()[pri:0, instance:testCases.TC005_addToCarttest@e056f20]" started-at="2026-04-06T14:31:49 IST" name="tearDown" finished-at="2026-04-06T14:31:49 IST" duration-ms="128" status="PASS">
          <reporter-output>
          </reporter-output>
        </test-method> <!-- tearDown -->
      </class> <!-- testCases.TC005_addToCarttest -->
      <class name="testCases.TC009_sortSRP">
        <test-method is-config="true" signature="setup(java.lang.String,java.lang.String)[pri:0, instance:testCases.TC009_sortSRP@353d0772]" started-at="2026-04-06T14:31:58 IST" name="setup" finished-at="2026-04-06T14:32:00 IST" duration-ms="1257" status="PASS">
          <params>
            <param index="0">
              <value>
                <![CDATA[chrome]]>
              </value>
            </param>
            <param index="1">
              <value>
                <![CDATA[true]]>
              </value>
            </param>
          </params>
          <reporter-output>
          </reporter-output>
        </test-method> <!-- setup -->
        <test-method signature="TC009_sortSRP()[pri:0, instance:testCases.TC009_sortSRP@353d0772]" started-at="2026-04-06T14:32:00 IST" name="TC009_sortSRP" finished-at="2026-04-06T14:32:01 IST" duration-ms="1755" status="PASS">
          <reporter-output>
          </reporter-output>
        </test-method> <!-- TC009_sortSRP -->
        <test-method is-config="true" signature="tearDown()[pri:0, instance:testCases.TC009_sortSRP@353d0772]" started-at="2026-04-06T14:32:01 IST" name="tearDown" finished-at="2026-04-06T14:32:02 IST" duration-ms="104" status="PASS">
          <reporter-output>
          </reporter-output>
        </test-method> <!-- tearDown -->
      </class> <!-- testCases.TC009_sortSRP -->
    </test> <!-- TestCases1 -->
  </suite> <!-- AutomationSuite -->
</testng-results>
