<?xml version="1.0" encoding="UTF-8"?>
<testsuite xmlns:xsi="http://www.w3.org/2001/XMLSchema-instance" xsi:noNamespaceSchemaLocation="https://maven.apache.org/surefire/maven-surefire-plugin/xsd/surefire-test-report-3.0.xsd" version="3.0" name="TestSuite" time="149.176" tests="13" errors="0" skipped="0" failures="0">
  <properties>
[...]
</properties>
  <testcase name="verifyLogin[pavanoltraining@gmail.com, test@123, invalid](1)" classname="testCases.TC002_loginTest" time="14.871">
    <system-out><![CDATA[22:58:07.440 [main] DEBUG org.apache.poi.openxml4j.opc.PackageRelationshipCollection - Parsing relationship: /xl/_rels/workbook.xml.rels
22:58:07.443 [main] DEBUG org.apache.poi.openxml4j.opc.PackageRelationshipCollection - Parsing relationship: /_rels/.rels
22:58:07.726 [main] DEBUG org.apache.poi.openxml4j.opc.PackageRelationshipCollection - Parsing relationship: /xl/_rels/workbook.xml.rels
22:58:07.727 [main] DEBUG org.apache.poi.openxml4j.opc.PackageRelationshipCollection - Parsing relationship: /_rels/.rels
22:58:07.748 [main] DEBUG org.apache.poi.openxml4j.opc.PackageRelationshipCollection - Parsing relationship: /xl/_rels/workbook.xml.rels
22:58:07.749 [main] DEBUG org.apache.poi.openxml4j.opc.PackageRelationshipCollection - Parsing relationship: /_rels/.rels
22:58:07.771 [main] DEBUG org.apache.poi.openxml4j.opc.PackageRelationshipCollection - Parsing relationship: /xl/_rels/workbook.xml.rels
22:58:07.772 [main] DEBUG org.apache.poi.openxml4j.opc.PackageRelationshipCollection - Parsing relationship: /_rels/.rels
22:58:07.785 [main] DEBUG org.apache.poi.openxml4j.opc.PackageRelationshipCollection - Parsing relationship: /xl/_rels/workbook.xml.rels
22:58:07.786 [main] DEBUG org.apache.poi.openxml4j.opc.PackageRelationshipCollection - Parsing relationship: /_rels/.rels
22:58:07.798 [main] DEBUG org.apache.poi.openxml4j.opc.PackageRelationshipCollection - Parsing relationship: /xl/_rels/workbook.xml.rels
22:58:07.798 [main] DEBUG org.apache.poi.openxml4j.opc.PackageRelationshipCollection - Parsing relationship: /_rels/.rels
22:58:07.809 [main] DEBUG org.apache.poi.openxml4j.opc.PackageRelationshipCollection - Parsing relationship: /xl/_rels/workbook.xml.rels
22:58:07.810 [main] DEBUG org.apache.poi.openxml4j.opc.PackageRelationshipCollection - Parsing relationship: /_rels/.rels
22:58:07.822 [main] DEBUG org.apache.poi.openxml4j.opc.PackageRelationshipCollection - Parsing relationship: /xl/_rels/workbook.xml.rels
22:58:07.822 [main] DEBUG org.apache.poi.openxml4j.opc.PackageRelationshipCollection - Parsing relationship: /_rels/.rels
22:58:07.834 [main] DEBUG org.apache.poi.openxml4j.opc.PackageRelationshipCollection - Parsing relationship: /xl/_rels/workbook.xml.rels
22:58:07.834 [main] DEBUG org.apache.poi.openxml4j.opc.PackageRelationshipCollection - Parsing relationship: /_rels/.rels
22:58:07.844 [main] DEBUG org.apache.poi.openxml4j.opc.PackageRelationshipCollection - Parsing relationship: /xl/_rels/workbook.xml.rels
22:58:07.845 [main] DEBUG org.apache.poi.openxml4j.opc.PackageRelationshipCollection - Parsing relationship: /_rels/.rels
22:58:07.854 [main] DEBUG org.apache.poi.openxml4j.opc.PackageRelationshipCollection - Parsing relationship: /xl/_rels/workbook.xml.rels
22:58:07.855 [main] DEBUG org.apache.poi.openxml4j.opc.PackageRelationshipCollection - Parsing relationship: /_rels/.rels
22:58:07.865 [main] DEBUG org.apache.poi.openxml4j.opc.PackageRelationshipCollection - Parsing relationship: /xl/_rels/workbook.xml.rels
22:58:07.866 [main] DEBUG org.apache.poi.openxml4j.opc.PackageRelationshipCollection - Parsing relationship: /_rels/.rels
22:58:07.877 [main] DEBUG org.apache.poi.openxml4j.opc.PackageRelationshipCollection - Parsing relationship: /xl/_rels/workbook.xml.rels
22:58:07.878 [main] DEBUG org.apache.poi.openxml4j.opc.PackageRelationshipCollection - Parsing relationship: /_rels/.rels
22:58:07.889 [main] DEBUG org.apache.poi.openxml4j.opc.PackageRelationshipCollection - Parsing relationship: /xl/_rels/workbook.xml.rels
22:58:07.890 [main] DEBUG org.apache.poi.openxml4j.opc.PackageRelationshipCollection - Parsing relationship: /_rels/.rels
22:58:07.899 [main] DEBUG org.apache.poi.openxml4j.opc.PackageRelationshipCollection - Parsing relationship: /xl/_rels/workbook.xml.rels
22:58:07.900 [main] DEBUG org.apache.poi.openxml4j.opc.PackageRelationshipCollection - Parsing relationship: /_rels/.rels
22:58:07.909 [main] DEBUG org.apache.poi.openxml4j.opc.PackageRelationshipCollection - Parsing relationship: /xl/_rels/workbook.xml.rels
22:58:07.909 [main] DEBUG org.apache.poi.openxml4j.opc.PackageRelationshipCollection - Parsing relationship: /_rels/.rels
22:58:07.922 [main] DEBUG org.apache.poi.openxml4j.opc.PackageRelationshipCollection - Parsing relationship: /xl/_rels/workbook.xml.rels
22:58:07.922 [main] DEBUG org.apache.poi.openxml4j.opc.PackageRelationshipCollection - Parsing relationship: /_rels/.rels
invalid  false
22:58:22.798 [main] INFO  testCases.TC002_loginTest - invalid passes
]]></system-out>
    <system-err><![CDATA[SLF4J(W): No SLF4J providers were found.
SLF4J(W): Defaulting to no-operation (NOP) logger implementation
SLF4J(W): See https://www.slf4j.org/codes.html#noProviders for further details.
May 09, 2026 10:58:00 PM org.openqa.selenium.remote.tracing.opentelemetry.OpenTelemetryTracer createTracer
INFO: Using OpenTelemetry for tracing
]]></system-err>
  </testcase>
  <testcase name="verifyLogin[laksmi@yahoo.com, Laxmi, Invalid](2)" classname="testCases.TC002_loginTest" time="14.696">
    <system-out><![CDATA[Invalid  false
22:58:37.501 [main] INFO  testCases.TC002_loginTest - invalid passes
]]></system-out>
  </testcase>
  <testcase name="verifyLogin[laksh@yahoo.com, Lakshmi, valid](3)" classname="testCases.TC002_loginTest" time="6.779">
    <system-out><![CDATA[valid  true
]]></system-out>
  </testcase>
  <testcase name="verifyLogin[laks@yahoo.com, xyz, Invalid](4)" classname="testCases.TC002_loginTest" time="14.742">
    <system-out><![CDATA[Invalid  false
22:58:59.020 [main] INFO  testCases.TC002_loginTest - invalid passes
]]></system-out>
  </testcase>
  <testcase name="verifyLogin[abc123@gmail.com, test@123, Valid](5)" classname="testCases.TC002_loginTest" time="7.762">
    <system-out><![CDATA[Valid  true
]]></system-out>
  </testcase>
  <testcase name="verify_account_registration" classname="testCases.TC001_accountRegistration" time="7.346">
    <system-out><![CDATA[22:59:12.102 [main] INFO  testCases.TC001_accountRegistration - ****Starting TC001_AccountReg****
22:59:14.319 [main] INFO  testCases.TC001_accountRegistration - ****In to Register page****
22:59:19.058 [main] INFO  testCases.TC001_accountRegistration - ****Finished TC001_AccountReg****
]]></system-out>
  </testcase>
  <testcase name="TC003_srpcheck" classname="testCases.TC003_srpcheck" time="1.958">
    <system-out><![CDATA[Search - macbook
]]></system-out>
  </testcase>
  <testcase name="TC004_DPPagecheck" classname="testCases.TC004_DPPagecheck" time="5.555">
    <system-out><![CDATA[MacBook Air
MacBook Air
]]></system-out>
  </testcase>
  <testcase name="TC005_addToCarttest" classname="testCases.TC005_addToCarttest" time="6.147">
    <system-out><![CDATA[MacBook Air
]]></system-out>
  </testcase>
  <testcase name="TC006_currencycheck" classname="testCases.TC006_currencycheck" time="6.427">
    <system-out><![CDATA[$602.00
Ex Tax:$500.00
$123.20
Ex Tax:$101.00
$110.00 $122.00
Ex Tax:$90.00
$98.00 $122.00
Ex Tax:$80.00
]]></system-out>
  </testcase>
  <testcase name="checkStrikeThrough" classname="testCases.TC007_checkStrikeThrough" time="2.599">
    <system-out><![CDATA[line-through
line-through
]]></system-out>
  </testcase>
  <testcase name="TC008_hoverAndClickTC" classname="testCases.TC008_hoverAndClickTC" time="2.104"/>
  <testcase name="TC009_sortSRP" classname="testCases.TC009_sortSRP" time="5.926">
    <system-out><![CDATA[23:00:25.072 [main] INFO  testCases.TC009_sortSRP - MacBook Pro
]]></system-out>
  </testcase>
</testsuite>