<?xml version="1.0" encoding="UTF-8"?>
<!-- Generated by org.testng.reporters.JUnitReportReporter -->
<testsuite hostname="DESKTOP-31C0V1K" failures="0" tests="5" name="testCases.TC002_loginTest" time="42.393" errors="0" timestamp="2026-04-06T14:32:03 IST" skipped="0">
  <testcase classname="testCases.TC002_loginTest" name="verifyLogin" time="12.824"/>
  <testcase classname="testCases.TC002_loginTest" name="verifyLogin" time="2.901"/>
  <testcase classname="testCases.TC002_loginTest" name="verifyLogin" time="12.014"/>
  <testcase classname="testCases.TC002_loginTest" name="verifyLogin" time="2.595"/>
  <testcase classname="testCases.TC002_loginTest" name="verifyLogin" time="12.059"/>
</testsuite> <!-- testCases.TC002_loginTest -->
